<?xml version="1.0" encoding="UTF-8"?>
<!-- Generated by org.testng.reporters.JUnitReportReporter -->
<testsuite hostname="Deepak" failures="0" tests="1" name="testCases.TC002_LoginTest" time="2.181" errors="0" timestamp="2025-04-17T15:41:22 IST" skipped="0">
  <testcase classname="testCases.TC002_LoginTest" name="verifyLogin" time="2.181"/>
</testsuite> <!-- testCases.TC002_LoginTest -->
