<?xml version="1.0" encoding="UTF-8"?>
<!-- Generated by org.testng.reporters.JUnitReportReporter -->
<testsuite hostname="Deepak" failures="0" tests="1" name="testCases.TC001_AccountRegistrationTest" time="3.092" errors="0" timestamp="2025-04-17T15:41:22 IST" skipped="0">
  <testcase classname="testCases.TC001_AccountRegistrationTest" name="verify_account_registartion" time="3.092"/>
</testsuite> <!-- testCases.TC001_AccountRegistrationTest -->
